[INFO ] 2022-05-22 01:08:49.047 [main] AboutPageTest - driver is initialized
[INFO ] 2022-05-22 01:08:51.632 [main] AboutPageTest - open the about page
[INFO ] 2022-05-22 01:08:51.907 [main] AboutPageTest - compare the page title
[INFO ] 2022-05-22 01:08:51.940 [main] AboutPageTest - print the page title in console
[INFO ] 2022-05-22 01:34:07.204 [main] AboutPageTest - driver is initialized
[INFO ] 2022-05-22 01:34:09.413 [main] AboutPageTest - open the about page
[INFO ] 2022-05-22 01:34:09.746 [main] AboutPageTest - compare the page title
[INFO ] 2022-05-22 01:34:09.802 [main] AboutPageTest - print the page title in console
[INFO ] 2022-05-22 01:45:16.865 [main] AboutPageTest - driver is initialized
[INFO ] 2022-05-22 01:45:19.482 [main] AboutPageTest - open the about page
[INFO ] 2022-05-22 01:45:19.596 [main] AboutPageTest - compare the page title
[INFO ] 2022-05-22 01:45:19.651 [main] AboutPageTest - print the page title in console
[INFO ] 2022-05-22 01:46:36.938 [TestNG-test=about page test-1] AboutPageTest - driver is initialized
[INFO ] 2022-05-22 01:46:39.115 [TestNG-test=about page test-1] AboutPageTest - open the about page
[INFO ] 2022-05-22 01:46:39.348 [TestNG-test=about page test-1] AboutPageTest - compare the page title
[INFO ] 2022-05-22 01:46:39.376 [TestNG-test=about page test-1] AboutPageTest - print the page title in console
[INFO ] 2022-05-22 22:57:55.750 [TestNG-test=about page test-1] AboutPageTest - driver is initialized
[INFO ] 2022-05-22 22:57:57.870 [TestNG-test=about page test-1] AboutPageTest - open the about page
[INFO ] 2022-05-22 22:57:57.994 [TestNG-test=about page test-1] AboutPageTest - compare the page title
[INFO ] 2022-05-22 22:57:58.074 [TestNG-test=about page test-1] AboutPageTest - print the page title in console
[INFO ] 2022-05-22 23:11:01.120 [TestNG-test=about page test-1] AboutPageTest - driver is initialized
[INFO ] 2022-05-22 23:11:03.656 [TestNG-test=about page test-1] AboutPageTest - open the about page
[INFO ] 2022-05-22 23:11:03.794 [TestNG-test=about page test-1] AboutPageTest - compare the page title
[INFO ] 2022-05-22 23:11:03.869 [TestNG-test=about page test-1] AboutPageTest - print the page title in console
[INFO ] 2022-05-22 23:15:37.387 [TestNG-test=about page test-1] AboutPageTest - driver is initialized
[INFO ] 2022-05-22 23:15:39.433 [TestNG-test=about page test-1] AboutPageTest - open the about page
[INFO ] 2022-05-22 23:15:39.619 [TestNG-test=about page test-1] AboutPageTest - compare the page title
[INFO ] 2022-05-22 23:15:39.670 [TestNG-test=about page test-1] AboutPageTest - print the page title in console
[INFO ] 2022-05-22 23:41:44.691 [main] AboutPageTest - driver is initialized
[INFO ] 2022-05-22 23:41:46.958 [main] AboutPageTest - open the about page
[INFO ] 2022-05-22 23:41:47.220 [main] AboutPageTest - compare the page title
[INFO ] 2022-05-22 23:41:47.243 [main] AboutPageTest - print the page title in console
[INFO ] 2022-05-22 23:49:44.064 [main] AboutPageTest - driver is initialized
[INFO ] 2022-05-22 23:49:46.473 [main] AboutPageTest - open the about page
[INFO ] 2022-05-22 23:49:46.655 [main] AboutPageTest - compare the page title
[INFO ] 2022-05-22 23:49:46.704 [main] AboutPageTest - print the page title in console
[INFO ] 2022-05-23 00:05:27.081 [TestNG-test=about page test-1] AboutPageTest - driver is initialized
[INFO ] 2022-05-23 00:05:29.069 [TestNG-test=about page test-1] AboutPageTest - open the about page
[INFO ] 2022-05-23 00:05:29.250 [TestNG-test=about page test-1] AboutPageTest - compare the page title
[INFO ] 2022-05-23 00:05:29.270 [TestNG-test=about page test-1] AboutPageTest - print the page title in console
[INFO ] 2022-05-23 00:12:38.091 [main] AboutPageTest - driver is initialized
[INFO ] 2022-05-23 00:12:40.687 [main] AboutPageTest - open the about page
[INFO ] 2022-05-23 00:12:40.797 [main] AboutPageTest - compare the page title
[INFO ] 2022-05-23 00:12:40.846 [main] AboutPageTest - print the page title in console
[INFO ] 2022-05-23 00:15:09.935 [main] AboutPageTest - driver is initialized
[INFO ] 2022-05-23 00:15:12.607 [main] AboutPageTest - open the about page
[INFO ] 2022-05-23 00:15:12.828 [main] AboutPageTest - compare the page title
[INFO ] 2022-05-23 00:15:12.860 [main] AboutPageTest - print the page title in console
[INFO ] 2022-05-23 00:19:01.006 [main] AboutPageTest - driver is initialized
[INFO ] 2022-05-23 00:19:03.445 [main] AboutPageTest - open the about page
[INFO ] 2022-05-23 00:19:03.538 [main] AboutPageTest - compare the page title
[INFO ] 2022-05-23 00:19:03.575 [main] AboutPageTest - print the page title in console
[INFO ] 2022-05-23 00:21:58.277 [TestNG-test=about page test-1] AboutPageTest - driver is initialized
[INFO ] 2022-05-23 00:22:00.427 [TestNG-test=about page test-1] AboutPageTest - open the about page
[INFO ] 2022-05-23 00:22:00.613 [TestNG-test=about page test-1] AboutPageTest - compare the page title
[INFO ] 2022-05-23 00:22:00.631 [TestNG-test=about page test-1] AboutPageTest - print the page title in console
